


ARM Macro Assembler    Page 1 


    1 00000000         ;/******************************************************
                       ***********************/
    2 00000000         ; OSasm.s: low-level OS commands, written in assembly   
                                           */
    3 00000000         ; Runs on LM4F120/TM4C123
    4 00000000         ; A very simple real time operating system with minimal 
                       features.
    5 00000000         ; Daniel Valvano
    6 00000000         ; January 29, 2015
    7 00000000         ;
    8 00000000         ; This example accompanies the book
    9 00000000         ;  "Embedded Systems: Real Time Interfacing to ARM Corte
                       x M Microcontrollers",
   10 00000000         ;  ISBN: 978-1463590154, Jonathan Valvano, copyright (c)
                        2015
   11 00000000         ;
   12 00000000         ;  Programs 4.4 through 4.12, section 4.2
   13 00000000         ;
   14 00000000         ;Copyright 2015 by Jonathan W. Valvano, valvano@mail.ute
                       xas.edu
   15 00000000         ;    You may use, edit, run or distribute this file
   16 00000000         ;    as long as the above copyright notice remains
   17 00000000         ; THIS SOFTWARE IS PROVIDED "AS IS".  NO WARRANTIES, WHE
                       THER EXPRESS, IMPLIED
   18 00000000         ; OR STATUTORY, INCLUDING, BUT NOT LIMITED TO, IMPLIED W
                       ARRANTIES OF
   19 00000000         ; MERCHANTABILITY AND FITNESS FOR A PARTICULAR PURPOSE A
                       PPLY TO THIS SOFTWARE.
   20 00000000         ; VALVANO SHALL NOT, IN ANY CIRCUMSTANCES, BE LIABLE FOR
                        SPECIAL, INCIDENTAL,
   21 00000000         ; OR CONSEQUENTIAL DAMAGES, FOR ANY REASON WHATSOEVER.
   22 00000000         ; For more information about my classes, my research, an
                       d my books, see
   23 00000000         ; http://users.ece.utexas.edu/~valvano/
   24 00000000         ; */
   25 00000000         
   26 00000000                 AREA             |.text|, CODE, READONLY, ALIGN=
2
   27 00000000                 THUMB
   28 00000000                 REQUIRE8
   29 00000000                 PRESERVE8
   30 00000000         
   31 00000000                 EXTERN           runPT       ; currently running
                                                             thread
   32 00000000                 EXTERN           nextPT
   33 00000000                 EXTERN           OS_AddThread
   34 00000000                 EXTERN           OS_Kill
   35 00000000                 EXTERN           OS_Sleep
   36 00000000                 EXTERN           OS_Time
   37 00000000                 EXTERN           OS_Id
   38 00000000                 EXPORT           OS_DisableInterrupts
   39 00000000                 EXPORT           OS_EnableInterrupts
   40 00000000                 EXPORT           StartOS
   41 00000000         ;EXPORT  SysTick_Handler
   42 00000000                 EXPORT           PendSV_Handler
   43 00000000                 EXTERN           threadRecordProfiler
   44 00000000                 EXTERN           OS_Id
   45 00000000                 EXTERN           OS_timeDisabled
   46 00000000                 EXTERN           OS_timeEnabled



ARM Macro Assembler    Page 2 


   47 00000000         
   48 00000000         
   49 00000000         OS_DisableInterrupts
   50 00000000 B672            CPSID            I
   51 00000002 B500            PUSH             {LR}
   52 00000004 F7FF FFFE       BL               OS_timeDisabled
   53 00000008 F85D EB04       POP              {LR}
   54 0000000C 4770            BX               LR
   55 0000000E         
   56 0000000E         
   57 0000000E         OS_EnableInterrupts
   58 0000000E B662            CPSIE            I
   59 00000010 B500            PUSH             {LR}
   60 00000012 F7FF FFFE       BL               OS_timeEnabled
   61 00000016 F85D EB04       POP              {LR}
   62 0000001A 4770            BX               LR
   63 0000001C         
   64 0000001C         
   65 0000001C         ;PendSV_Handler                ; 1) Saves R0-R3,R12,LR,P
                       C,PSR
   66 0000001C         ;CPSID   I                  ; 2) Prevent interrupt durin
                       g switch
   67 0000001C         ;PUSH    {R4-R11}           ; 3) Save remaining regs r4-
                       11
   68 0000001C         ;LDR     R0, =runPT         ; 4) R0=pointer to RunPt, ol
                       d thread
   69 0000001C         ;LDR     R1, [R0]           ;    R1 = RunPt
   70 0000001C         ;STR     SP, [R1]           ; 5) Save SP into TCB
   71 0000001C         ;LDR     R1, [R1,#4]        ; 6) R1 = RunPt->next
   72 0000001C         ;STR     R1, [R0]           ;    RunPt = R1
   73 0000001C         ;LDR     SP, [R1]           ; 7) new thread SP; SP = Run
                       Pt->sp;
   74 0000001C         ;POP     {R4-R11}           ; 8) restore regs r4-11
   75 0000001C         ;CPSIE   I                  ; 9) tasks run with interrup
                       ts enabled
   76 0000001C         ;BX      LR                 ; 10) restore R0-R3,R12,LR,P
                       C,PSR
   77 0000001C         
   78 0000001C         
   79 0000001C         ;switch using chosen NextPt
   80 0000001C         PendSV_Handler
   81 0000001C B672            CPSID            I
   82 0000001E B500            PUSH             {LR}
   83 00000020         ; BL OS_Id
   84 00000020         ; BL threadRecordProfiler
   85 00000020 F85D EB04       POP              {LR}
   86 00000024 E92D 0FF0       PUSH             {R4 - R11}
   87 00000028 481F            LDR              R0, =runPT
   88 0000002A 6801            LDR              R1, [R0]
   89 0000002C F8C1 D000       STR              SP, [R1]
   90 00000030 491E            LDR              R1, =nextPT
   91 00000032 680A            LDR              R2, [R1]
   92 00000034 6002            STR              R2, [R0]
   93 00000036 F8D2 D000       LDR              SP, [R2]
   94 0000003A E8BD 0FF0       POP              {R4 - R11}
   95 0000003E B662            CPSIE            I
   96 00000040 4770            BX               LR
   97 00000042         
   98 00000042         



ARM Macro Assembler    Page 3 


   99 00000042         ;SysTick_Handler
  100 00000042         ;    CPSID   I                  ; Prevent interruption d
                       uring context switch
  101 00000042         ;    PUSH    {R4-R11}           ; Save remaining regs r4
                       -11 
  102 00000042         ;    LDR     R0, =RunPt         ; R0=pointer to RunPt, o
                       ld thread
  103 00000042         ;    LDR     R1, [R0]     ; RunPt->stackPointer = SP;
  104 00000042         ;    STR     SP, [R1]           ; save SP of process bei
                       ng switched out
  105 00000042         ;    LDR     R1, =NodePt
  106 00000042         ;    LDR     R2, [R1]           ; NodePt
  107 00000042         ;    LDR     R2, [R2]           ; next to run
  108 00000042         ;    STR     R2, [R1]           ; NodePt= NodePt->Next;
  109 00000042         ;    LDR     R3, [R2,#4]        ; RunPt = &sys[NodePt->T
                       hread];// which thread
  110 00000042         ;    STR     R3, [R0]
  111 00000042         ;   
  112 00000042         ;    LDR     R2, [R2,#8]     ; NodePt->TimeSlice
  113 00000042         ;    SUB     R2, #50            ; subtract off time to r
                       un this ISR
  114 00000042         ;    LDR     R1, =NVIC_ST_RELOAD
  115 00000042         ;    STR     R2, [R1]           ; how long to run next t
                       hread
  116 00000042         ;    LDR     R1, =NVIC_ST_CURRENT
  117 00000042         ;    STR     R2, [R1]           ; write to current, clea
                       rs it
  118 00000042         
  119 00000042         ;    LDR     SP, [R3]           ; new thread SP; SP = Ru
                       nPt->stackPointer;
  120 00000042         ;    POP     {R4-R11}           ; restore regs r4-11 
  121 00000042         
  122 00000042         ;    CPSIE   I       ; tasks run with I=0
  123 00000042         ;    BX      LR                 ; Exception return will 
                       restore remaining context   
  124 00000042         ;    
  125 00000042         
  126 00000042         
  127 00000042         
  128 00000042         
  129 00000042         
  130 00000042         
  131 00000042         
  132 00000042         
  133 00000042         
  134 00000042         ;SysTick_Handler                ; 1) Saves R0-R3,R12,LR,
                       PC,PSR
  135 00000042         ;CPSID   I                  ; 2) Prevent interrupt durin
                       g switch
  136 00000042         ;PUSH    {R4-R11}           ; 3) Save remaining regs r4-
                       11
  137 00000042         ;LDR     R0, =runPT         ; 4) R0=pointer to RunPt, ol
                       d thread
  138 00000042         ;LDR     R1, [R0]           ;    R1 = RunPt
  139 00000042         ;STR     SP, [R1]           ; 5) Save SP into TCB
  140 00000042         ;LDR     R1, [R1,#4]        ; 6) R1 = RunPt->next
  141 00000042         ;STR     R1, [R0]           ;    RunPt = R1
  142 00000042         ;LDR     SP, [R1]           ; 7) new thread SP; SP = Run
                       Pt->sp;



ARM Macro Assembler    Page 4 


  143 00000042         ;POP     {R4-R11}           ; 8) restore regs r4-11
  144 00000042         ;CPSIE   I                  ; 9) tasks run with interrup
                       ts enabled
  145 00000042         ;BX      LR                 ; 10) restore R0-R3,R12,LR,P
                       C,PSR
  146 00000042         
  147 00000042         StartOS
  148 00000042 4819            LDR              R0, =runPT  ; currently running
                                                             thread
  149 00000044 6802            LDR              R2, [R0]    ; R2 = value of Run
                                                            Pt
  150 00000046 F8D2 D000       LDR              SP, [R2]    ; new thread SP; SP
                                                             = RunPt->stackPoin
                                                            ter;
  151 0000004A E8BD 0FF0       POP              {R4-R11}    ; restore regs r4-1
                                                            1
  152 0000004E BC0F            POP              {R0-R3}     ; restore regs r0-3
                                                            
  153 00000050 F85D CB04       POP              {R12}
  154 00000054 F85D EB04       POP              {LR}        ; discard LR from i
                                                            nitial stack
  155 00000058 F85D EB04       POP              {LR}        ; start location
  156 0000005C BC02            POP              {R1}        ; discard PSR
  157 0000005E B662            CPSIE            I           ; Enable interrupts
                                                             at processor level
                                                            
  158 00000060 4770            BX               LR          ; start first threa
                                                            d
  159 00000062         
  160 00000062         SVC_Handler
  161 00000062         ; PUSH {LR}
  162 00000062 F8DD C018       LDR              R12,[SP,#24] ; Return address
  163 00000066 F83C CC02       LDRH             R12,[R12,#-2] ; SVC instruction
                                                             is 2 bytes
  164 0000006A F42C 4C7F       BIC              R12,#0xFF00 ; Extract trap numb
                                                            ers (ID) in R12
  165 0000006E E89D 000F       LDM              SP,{R0-R3}  ; Get any parameter
                                                            s
  166 00000072         
  167 00000072 B500            PUSH             {LR}        ; check BEQ for ret
                                                            urn value link
  168 00000074 F8DF E038       LDR              LR, =Return
  169 00000078 F1BC 0F00       CMP              R12, #0
  170 0000007C F43F AFFE       BEQ              OS_Id
  171 00000080 F1BC 0F01       CMP              R12, #1
  172 00000084 F43F AFFE       BEQ              OS_Kill
  173 00000088 F1BC 0F02       CMP              R12, #2
  174 0000008C F43F AFFE       BEQ              OS_Sleep
  175 00000090 F1BC 0F03       CMP              R12, #3
  176 00000094 F43F AFFE       BEQ              OS_Time
  177 00000098 F1BC 0F04       CMP              R12, #4
  178 0000009C F43F AFFE       BEQ              OS_AddThread
  179 000000A0         ; POP {LR}
  180 000000A0         ; BX LR
  181 000000A0         
  182 000000A0         Return
  183 000000A0 F85D EB04       POP              {LR}
  184 000000A4 9000            STR              R0,[SP]     ; Store return valu
                                                            e



ARM Macro Assembler    Page 5 


  185 000000A6 4770            BX               LR          ; Return from excep
                                                            tion
  186 000000A8         
  187 000000A8         
  188 000000A8                 ALIGN
  189 000000A8                 END
              00000000 
              00000000 
              00000000 
Command Line: --debug --xref --cpu=Cortex-M4 --apcs=interwork --depend=.\osasm.
d -o.\osasm.o -IC:\Keil\ARM\RV31\INC -IC:\Keil\ARM\CMSIS\Include -IC:\Keil\ARM\
Inc\Luminary --predefine="__MICROLIB SETA 1" --list=.\osasm.lst osasm.s



ARM Macro Assembler    Page 1 Alphabetic symbol ordering
Relocatable symbols

.text 00000000

Symbol: .text
   Definitions
      At line 26 in file osasm.s
   Uses
      None
Comment: .text unused
OS_DisableInterrupts 00000000

Symbol: OS_DisableInterrupts
   Definitions
      At line 49 in file osasm.s
   Uses
      At line 38 in file osasm.s
Comment: OS_DisableInterrupts used once
OS_EnableInterrupts 0000000E

Symbol: OS_EnableInterrupts
   Definitions
      At line 57 in file osasm.s
   Uses
      At line 39 in file osasm.s
Comment: OS_EnableInterrupts used once
PendSV_Handler 0000001C

Symbol: PendSV_Handler
   Definitions
      At line 80 in file osasm.s
   Uses
      At line 42 in file osasm.s
Comment: PendSV_Handler used once
Return 000000A0

Symbol: Return
   Definitions
      At line 182 in file osasm.s
   Uses
      At line 168 in file osasm.s
Comment: Return used once
SVC_Handler 00000062

Symbol: SVC_Handler
   Definitions
      At line 160 in file osasm.s
   Uses
      None
Comment: SVC_Handler unused
StartOS 00000042

Symbol: StartOS
   Definitions
      At line 147 in file osasm.s
   Uses
      At line 40 in file osasm.s
Comment: StartOS used once
7 symbols



ARM Macro Assembler    Page 1 Alphabetic symbol ordering
External symbols

OS_AddThread 00000000

Symbol: OS_AddThread
   Definitions
      At line 33 in file osasm.s
   Uses
      At line 178 in file osasm.s
Comment: OS_AddThread used once
OS_Id 00000000

Symbol: OS_Id
   Definitions
      At line 37 in file osasm.s
      At line 44 in file osasm.s
   Uses
      At line 170 in file osasm.s
Warning: OS_Id multiply definedComment: OS_Id used once
OS_Kill 00000000

Symbol: OS_Kill
   Definitions
      At line 34 in file osasm.s
   Uses
      At line 172 in file osasm.s
Comment: OS_Kill used once
OS_Sleep 00000000

Symbol: OS_Sleep
   Definitions
      At line 35 in file osasm.s
   Uses
      At line 174 in file osasm.s
Comment: OS_Sleep used once
OS_Time 00000000

Symbol: OS_Time
   Definitions
      At line 36 in file osasm.s
   Uses
      At line 176 in file osasm.s
Comment: OS_Time used once
OS_timeDisabled 00000000

Symbol: OS_timeDisabled
   Definitions
      At line 45 in file osasm.s
   Uses
      At line 52 in file osasm.s
Comment: OS_timeDisabled used once
OS_timeEnabled 00000000

Symbol: OS_timeEnabled
   Definitions
      At line 46 in file osasm.s
   Uses
      At line 60 in file osasm.s
Comment: OS_timeEnabled used once
nextPT 00000000




ARM Macro Assembler    Page 2 Alphabetic symbol ordering
External symbols

Symbol: nextPT
   Definitions
      At line 32 in file osasm.s
   Uses
      At line 90 in file osasm.s
Comment: nextPT used once
runPT 00000000

Symbol: runPT
   Definitions
      At line 31 in file osasm.s
   Uses
      At line 87 in file osasm.s
      At line 148 in file osasm.s

threadRecordProfiler 00000000

Symbol: threadRecordProfiler
   Definitions
      At line 43 in file osasm.s
   Uses
      None
Comment: threadRecordProfiler unused
10 symbols
350 symbols in table
